running egg_info
creating ../../build/capture_topic/capture_topic.egg-info
writing ../../build/capture_topic/capture_topic.egg-info/PKG-INFO
writing dependency_links to ../../build/capture_topic/capture_topic.egg-info/dependency_links.txt
writing entry points to ../../build/capture_topic/capture_topic.egg-info/entry_points.txt
writing requirements to ../../build/capture_topic/capture_topic.egg-info/requires.txt
writing top-level names to ../../build/capture_topic/capture_topic.egg-info/top_level.txt
writing manifest file '../../build/capture_topic/capture_topic.egg-info/SOURCES.txt'
reading manifest file '../../build/capture_topic/capture_topic.egg-info/SOURCES.txt'
writing manifest file '../../build/capture_topic/capture_topic.egg-info/SOURCES.txt'
running build
running build_py
creating /home/ubuntu/48659851/comp8430_week10/build/capture_topic/build
creating /home/ubuntu/48659851/comp8430_week10/build/capture_topic/build/lib
creating /home/ubuntu/48659851/comp8430_week10/build/capture_topic/build/lib/capture_topic
copying capture_topic/__init__.py -> /home/ubuntu/48659851/comp8430_week10/build/capture_topic/build/lib/capture_topic
copying capture_topic/capture_sub.py -> /home/ubuntu/48659851/comp8430_week10/build/capture_topic/build/lib/capture_topic
running install
running install_lib
creating /home/ubuntu/48659851/comp8430_week10/install/capture_topic/lib/python3.10/site-packages/capture_topic
copying /home/ubuntu/48659851/comp8430_week10/build/capture_topic/build/lib/capture_topic/__init__.py -> /home/ubuntu/48659851/comp8430_week10/install/capture_topic/lib/python3.10/site-packages/capture_topic
copying /home/ubuntu/48659851/comp8430_week10/build/capture_topic/build/lib/capture_topic/capture_sub.py -> /home/ubuntu/48659851/comp8430_week10/install/capture_topic/lib/python3.10/site-packages/capture_topic
byte-compiling /home/ubuntu/48659851/comp8430_week10/install/capture_topic/lib/python3.10/site-packages/capture_topic/__init__.py to __init__.cpython-310.pyc
byte-compiling /home/ubuntu/48659851/comp8430_week10/install/capture_topic/lib/python3.10/site-packages/capture_topic/capture_sub.py to capture_sub.cpython-310.pyc
running install_data
creating /home/ubuntu/48659851/comp8430_week10/install/capture_topic/share/ament_index
creating /home/ubuntu/48659851/comp8430_week10/install/capture_topic/share/ament_index/resource_index
creating /home/ubuntu/48659851/comp8430_week10/install/capture_topic/share/ament_index/resource_index/packages
copying resource/capture_topic -> /home/ubuntu/48659851/comp8430_week10/install/capture_topic/share/ament_index/resource_index/packages
copying package.xml -> /home/ubuntu/48659851/comp8430_week10/install/capture_topic/share/capture_topic
running install_egg_info
Copying ../../build/capture_topic/capture_topic.egg-info to /home/ubuntu/48659851/comp8430_week10/install/capture_topic/lib/python3.10/site-packages/capture_topic-0.0.0-py3.10.egg-info
running install_scripts
Installing capture_subscriber script to /home/ubuntu/48659851/comp8430_week10/install/capture_topic/lib/capture_topic
writing list of installed files to '/home/ubuntu/48659851/comp8430_week10/build/capture_topic/install.log'
