[5.447s] Invoking command in '/home/ubuntu/48659851/comp8430_week10/src/capture_topic': PYTHONPATH=/home/ubuntu/48659851/comp8430_week10/build/capture_topic/prefix_override:/home/ubuntu/48659851/comp8430_week10/install/capture_topic/lib/python3.10/site-packages:${PYTHONPATH} /usr/bin/python3 -W ignore:setup.py install is deprecated setup.py egg_info --egg-base ../../build/capture_topic build --build-base /home/ubuntu/48659851/comp8430_week10/build/capture_topic/build install --record /home/ubuntu/48659851/comp8430_week10/build/capture_topic/install.log --single-version-externally-managed install_data
[6.885s] running egg_info
[6.887s] creating ../../build/capture_topic/capture_topic.egg-info
[6.947s] writing ../../build/capture_topic/capture_topic.egg-info/PKG-INFO
[6.950s] writing dependency_links to ../../build/capture_topic/capture_topic.egg-info/dependency_links.txt
[6.950s] writing entry points to ../../build/capture_topic/capture_topic.egg-info/entry_points.txt
[6.950s] writing requirements to ../../build/capture_topic/capture_topic.egg-info/requires.txt
[6.950s] writing top-level names to ../../build/capture_topic/capture_topic.egg-info/top_level.txt
[6.951s] writing manifest file '../../build/capture_topic/capture_topic.egg-info/SOURCES.txt'
[7.105s] reading manifest file '../../build/capture_topic/capture_topic.egg-info/SOURCES.txt'
[7.109s] writing manifest file '../../build/capture_topic/capture_topic.egg-info/SOURCES.txt'
[7.109s] running build
[7.110s] running build_py
[7.111s] creating /home/ubuntu/48659851/comp8430_week10/build/capture_topic/build
[7.111s] creating /home/ubuntu/48659851/comp8430_week10/build/capture_topic/build/lib
[7.111s] creating /home/ubuntu/48659851/comp8430_week10/build/capture_topic/build/lib/capture_topic
[7.112s] copying capture_topic/__init__.py -> /home/ubuntu/48659851/comp8430_week10/build/capture_topic/build/lib/capture_topic
[7.112s] copying capture_topic/capture_sub.py -> /home/ubuntu/48659851/comp8430_week10/build/capture_topic/build/lib/capture_topic
[7.112s] running install
[7.128s] running install_lib
[7.186s] creating /home/ubuntu/48659851/comp8430_week10/install/capture_topic/lib/python3.10/site-packages/capture_topic
[7.186s] copying /home/ubuntu/48659851/comp8430_week10/build/capture_topic/build/lib/capture_topic/__init__.py -> /home/ubuntu/48659851/comp8430_week10/install/capture_topic/lib/python3.10/site-packages/capture_topic
[7.186s] copying /home/ubuntu/48659851/comp8430_week10/build/capture_topic/build/lib/capture_topic/capture_sub.py -> /home/ubuntu/48659851/comp8430_week10/install/capture_topic/lib/python3.10/site-packages/capture_topic
[7.189s] byte-compiling /home/ubuntu/48659851/comp8430_week10/install/capture_topic/lib/python3.10/site-packages/capture_topic/__init__.py to __init__.cpython-310.pyc
[7.190s] byte-compiling /home/ubuntu/48659851/comp8430_week10/install/capture_topic/lib/python3.10/site-packages/capture_topic/capture_sub.py to capture_sub.cpython-310.pyc
[7.191s] running install_data
[7.191s] creating /home/ubuntu/48659851/comp8430_week10/install/capture_topic/share/ament_index
[7.192s] creating /home/ubuntu/48659851/comp8430_week10/install/capture_topic/share/ament_index/resource_index
[7.192s] creating /home/ubuntu/48659851/comp8430_week10/install/capture_topic/share/ament_index/resource_index/packages
[7.192s] copying resource/capture_topic -> /home/ubuntu/48659851/comp8430_week10/install/capture_topic/share/ament_index/resource_index/packages
[7.192s] copying package.xml -> /home/ubuntu/48659851/comp8430_week10/install/capture_topic/share/capture_topic
[7.192s] running install_egg_info
[7.249s] Copying ../../build/capture_topic/capture_topic.egg-info to /home/ubuntu/48659851/comp8430_week10/install/capture_topic/lib/python3.10/site-packages/capture_topic-0.0.0-py3.10.egg-info
[7.256s] running install_scripts
[7.784s] Installing capture_subscriber script to /home/ubuntu/48659851/comp8430_week10/install/capture_topic/lib/capture_topic
[7.786s] writing list of installed files to '/home/ubuntu/48659851/comp8430_week10/build/capture_topic/install.log'
[7.936s] Invoked command in '/home/ubuntu/48659851/comp8430_week10/src/capture_topic' returned '0': PYTHONPATH=/home/ubuntu/48659851/comp8430_week10/build/capture_topic/prefix_override:/home/ubuntu/48659851/comp8430_week10/install/capture_topic/lib/python3.10/site-packages:${PYTHONPATH} /usr/bin/python3 -W ignore:setup.py install is deprecated setup.py egg_info --egg-base ../../build/capture_topic build --build-base /home/ubuntu/48659851/comp8430_week10/build/capture_topic/build install --record /home/ubuntu/48659851/comp8430_week10/build/capture_topic/install.log --single-version-externally-managed install_data
