[5.014s] Invoking command in '/home/ubuntu/48659851/comp8430_week10/src/capture_topic': PYTHONPATH=/home/ubuntu/48659851/comp8430_week10/build/capture_topic/prefix_override:/home/ubuntu/48659851/comp8430_week10/install/capture_topic/lib/python3.10/site-packages:${PYTHONPATH} /usr/bin/python3 -W ignore:setup.py install is deprecated setup.py egg_info --egg-base ../../build/capture_topic build --build-base /home/ubuntu/48659851/comp8430_week10/build/capture_topic/build install --record /home/ubuntu/48659851/comp8430_week10/build/capture_topic/install.log --single-version-externally-managed install_data
[6.397s] running egg_info
[6.458s] writing ../../build/capture_topic/capture_topic.egg-info/PKG-INFO
[6.461s] writing dependency_links to ../../build/capture_topic/capture_topic.egg-info/dependency_links.txt
[6.461s] writing entry points to ../../build/capture_topic/capture_topic.egg-info/entry_points.txt
[6.462s] writing requirements to ../../build/capture_topic/capture_topic.egg-info/requires.txt
[6.462s] writing top-level names to ../../build/capture_topic/capture_topic.egg-info/top_level.txt
[6.591s] reading manifest file '../../build/capture_topic/capture_topic.egg-info/SOURCES.txt'
[6.594s] writing manifest file '../../build/capture_topic/capture_topic.egg-info/SOURCES.txt'
[6.594s] running build
[6.595s] running build_py
[6.595s] copying capture_topic/__init__.py -> /home/ubuntu/48659851/comp8430_week10/build/capture_topic/build/lib/capture_topic
[6.595s] copying capture_topic/capture_sub.py -> /home/ubuntu/48659851/comp8430_week10/build/capture_topic/build/lib/capture_topic
[6.596s] running install
[6.614s] running install_lib
[6.674s] copying /home/ubuntu/48659851/comp8430_week10/build/capture_topic/build/lib/capture_topic/capture_sub.py -> /home/ubuntu/48659851/comp8430_week10/install/capture_topic/lib/python3.10/site-packages/capture_topic
[6.676s] byte-compiling /home/ubuntu/48659851/comp8430_week10/install/capture_topic/lib/python3.10/site-packages/capture_topic/capture_sub.py to capture_sub.cpython-310.pyc
[6.679s] running install_data
[6.687s] copying resource/capture_topic -> /home/ubuntu/48659851/comp8430_week10/install/capture_topic/share/ament_index/resource_index/packages
[6.688s] copying package.xml -> /home/ubuntu/48659851/comp8430_week10/install/capture_topic/share/capture_topic
[6.688s] running install_egg_info
[6.800s] removing '/home/ubuntu/48659851/comp8430_week10/install/capture_topic/lib/python3.10/site-packages/capture_topic-0.0.0-py3.10.egg-info' (and everything under it)
[6.801s] Copying ../../build/capture_topic/capture_topic.egg-info to /home/ubuntu/48659851/comp8430_week10/install/capture_topic/lib/python3.10/site-packages/capture_topic-0.0.0-py3.10.egg-info
[6.806s] running install_scripts
[7.312s] Installing capture_subscriber script to /home/ubuntu/48659851/comp8430_week10/install/capture_topic/lib/capture_topic
[7.313s] writing list of installed files to '/home/ubuntu/48659851/comp8430_week10/build/capture_topic/install.log'
[7.457s] Invoked command in '/home/ubuntu/48659851/comp8430_week10/src/capture_topic' returned '0': PYTHONPATH=/home/ubuntu/48659851/comp8430_week10/build/capture_topic/prefix_override:/home/ubuntu/48659851/comp8430_week10/install/capture_topic/lib/python3.10/site-packages:${PYTHONPATH} /usr/bin/python3 -W ignore:setup.py install is deprecated setup.py egg_info --egg-base ../../build/capture_topic build --build-base /home/ubuntu/48659851/comp8430_week10/build/capture_topic/build install --record /home/ubuntu/48659851/comp8430_week10/build/capture_topic/install.log --single-version-externally-managed install_data
